<?xml version="1.0" encoding="UTF-8"?>
<testng-results ignored="0" total="5" passed="1" failed="4" skipped="0">
  <reporter-output>
    <line>
      <![CDATA[Username:vidya]]>
    </line>
    <line>
      <![CDATA[Password:syntax@10]]>
    </line>
    <line>
      <![CDATA[Room:TestServer_2024B264bit.CV2024B2_64bitDB]]>
    </line>
    <line>
      <![CDATA[Remember me checkbox is selected]]>
    </line>
    <line>
      <![CDATA[Username: ]]>
    </line>
    <line>
      <![CDATA[Password:]]>
    </line>
    <line>
      <![CDATA[Room: ]]>
    </line>
    <line>
      <![CDATA[DocumentType is:CVReports]]>
    </line>
    <line>
      <![CDATA[IndexValue is:Test document]]>
    </line>
    <line>
      <![CDATA[New Document Button is clicked ]]>
    </line>
    <line>
      <![CDATA[Menu items areBrowse...
Camera
Scan...
New Word Document
New Excel Spreadsheet
New Pdf Document]]>
    </line>
    <line>
      <![CDATA[Menu items are displayed]]>
    </line>
    <line>
      <![CDATA[Pages are uploaded successfully]]>
    </line>
    <line>
      <![CDATA[Folder location is: Export\New Drawer\Folder New]]>
    </line>
    <line>
      <![CDATA[document type is selected]]>
    </line>
    <line>
      <![CDATA[Index value is:Test document]]>
    </line>
    <line>
      <![CDATA[Create Button is clicked ]]>
    </line>
    <line>
      <![CDATA[Navigate Button is clicked ]]>
    </line>
    <line>
      <![CDATA[Recent Folder::[[ChromeDriver: chrome on WINDOWS (7d2f17b0df4de89cdcb20e47dee904d1)] -> xpath: //table[@id='recentFolders']/tbody/tr[1]/td[1]]]]>
    </line>
    <line>
      <![CDATA[Recent Document::[[ChromeDriver: chrome on WINDOWS (7d2f17b0df4de89cdcb20e47dee904d1)] -> xpath: .//table[@id='recentDocuments']/tbody/tr[1]/td[1]]]]>
    </line>
    <line>
      <![CDATA[The alert is not present]]>
    </line>
    <line>
      <![CDATA[Closing the viewer]]>
    </line>
    <line>
      <![CDATA[Logout Button is clicked ]]>
    </line>
    <line>
      <![CDATA[rc count:9]]>
    </line>
    <line>
      <![CDATA[Username:vidya]]>
    </line>
    <line>
      <![CDATA[Password:syntax@10]]>
    </line>
    <line>
      <![CDATA[Room:TestServer_2024B264bit.CV2024B2_64bitDB]]>
    </line>
    <line>
      <![CDATA[Remember me checkbox is selected]]>
    </line>
    <line>
      <![CDATA[Session message is not displayed]]>
    </line>
    <line>
      <![CDATA[Cabinet:New Cabinet]]>
    </line>
    <line>
      <![CDATA[Drawer:New Drawer]]>
    </line>
    <line>
      <![CDATA[Folder:New Folder]]>
    </line>
    <line>
      <![CDATA[ExistingCabinet:: Export]]>
    </line>
    <line>
      <![CDATA[Existing cabinet is selected]]>
    </line>
    <line>
      <![CDATA[Drawer is selected]]>
    </line>
    <line>
      <![CDATA[Folder is selected]]>
    </line>
    <line>
      <![CDATA[DocumentType is:CVReports]]>
    </line>
    <line>
      <![CDATA[IndexValue is:Test document]]>
    </line>
    <line>
      <![CDATA[New Document Button is clicked ]]>
    </line>
    <line>
      <![CDATA[Menu items areBrowse...
Camera
Scan...
New Word Document
New Excel Spreadsheet
New Pdf Document]]>
    </line>
    <line>
      <![CDATA[Menu items are displayed]]>
    </line>
    <line>
      <![CDATA[Pages are uploaded successfully]]>
    </line>
    <line>
      <![CDATA[Folder location is: Export\New Drawer\New Folder]]>
    </line>
    <line>
      <![CDATA[document type is selected]]>
    </line>
    <line>
      <![CDATA[Index value is:Test document]]>
    </line>
    <line>
      <![CDATA[Create Button is clicked ]]>
    </line>
    <line>
      <![CDATA[View Button is clicked ]]>
    </line>
    <line>
      <![CDATA[Comments are added]]>
    </line>
    <line>
      <![CDATA[Comments are edited]]>
    </line>
    <line>
      <![CDATA[Thumbnail is selected ]]>
    </line>
    <line>
      <![CDATA[View menu icon is selected ]]>
    </line>
    <line>
      <![CDATA[rc count:9]]>
    </line>
    <line>
      <![CDATA[Username:vidya]]>
    </line>
    <line>
      <![CDATA[Password:syntax@10]]>
    </line>
    <line>
      <![CDATA[Room:TestServer_2024B264bit.CV2024B2_64bitDB]]>
    </line>
    <line>
      <![CDATA[Remember me checkbox is selected]]>
    </line>
    <line>
      <![CDATA[Comments are added]]>
    </line>
    <line>
      <![CDATA[Comments are edited]]>
    </line>
    <line>
      <![CDATA[Thumbnail is selected ]]>
    </line>
    <line>
      <![CDATA[View menu icon is selected ]]>
    </line>
    <line>
      <![CDATA[FullScreen icon is selected ]]>
    </line>
    <line>
      <![CDATA[FullScreen icon is selected again ]]>
    </line>
    <line>
      <![CDATA[Show thumbnails icon is selected  ]]>
    </line>
    <line>
      <![CDATA[Show thumbnails icon is selected again ]]>
    </line>
    <line>
      <![CDATA[Single page is selected  ]]>
    </line>
    <line>
      <![CDATA[Double page is selected]]>
    </line>
    <line>
      <![CDATA[Vertical page is selected]]>
    </line>
    <line>
      <![CDATA[Horizontal page is selected]]>
    </line>
    <line>
      <![CDATA[Page menu icon is selected ]]>
    </line>
    <line>
      <![CDATA[Copy icon is enabled and selected ]]>
    </line>
    <line>
      <![CDATA[Page is copied successfully]]>
    </line>
    <line>
      <![CDATA[Page menu icon is selected again ]]>
    </line>
    <line>
      <![CDATA[Paste icon is selected ]]>
    </line>
    <line>
      <![CDATA[Page is Pasted successfully]]>
    </line>
    <line>
      <![CDATA[Document is deleted successfully ]]>
    </line>
    <line>
      <![CDATA[Document is Saved successfully ]]>
    </line>
    <line>
      <![CDATA[View as PDF menu icon is selected ]]>
    </line>
    <line>
      <![CDATA[View as PDF link  is selected ]]>
    </line>
    <line>
      <![CDATA[Download all Pages]]>
    </line>
    <line>
      <![CDATA[Download first Page]]>
    </line>
    <line>
      <![CDATA[Closing the viewer]]>
    </line>
    <line>
      <![CDATA[Logout Button is clicked ]]>
    </line>
    <line>
      <![CDATA[Username: ]]>
    </line>
    <line>
      <![CDATA[Password:]]>
    </line>
    <line>
      <![CDATA[Room: ]]>
    </line>
    <line>
      <![CDATA[Remember me checkbox is selected]]>
    </line>
    <line>
      <![CDATA[Password should not be blank ]]>
    </line>
    <line>
      <![CDATA[Session message is not displayed]]>
    </line>
    <line>
      <![CDATA[Comments are added]]>
    </line>
    <line>
      <![CDATA[Comments are edited]]>
    </line>
    <line>
      <![CDATA[Thumbnail is selected ]]>
    </line>
    <line>
      <![CDATA[View menu icon is selected ]]>
    </line>
    <line>
      <![CDATA[FullScreen icon is selected ]]>
    </line>
    <line>
      <![CDATA[FullScreen icon is selected again ]]>
    </line>
    <line>
      <![CDATA[Show thumbnails icon is selected  ]]>
    </line>
    <line>
      <![CDATA[Show thumbnails icon is selected again ]]>
    </line>
    <line>
      <![CDATA[Single page is selected  ]]>
    </line>
    <line>
      <![CDATA[Double page is selected]]>
    </line>
    <line>
      <![CDATA[Vertical page is selected]]>
    </line>
    <line>
      <![CDATA[Horizontal page is selected]]>
    </line>
    <line>
      <![CDATA[Page menu icon is selected ]]>
    </line>
    <line>
      <![CDATA[Copy icon is enabled and selected ]]>
    </line>
    <line>
      <![CDATA[Page is copied successfully]]>
    </line>
    <line>
      <![CDATA[Page menu icon is selected again ]]>
    </line>
    <line>
      <![CDATA[Paste icon is selected ]]>
    </line>
    <line>
      <![CDATA[Page is Pasted successfully]]>
    </line>
    <line>
      <![CDATA[Document is deleted successfully ]]>
    </line>
    <line>
      <![CDATA[Document is Saved successfully ]]>
    </line>
    <line>
      <![CDATA[View as PDF menu icon is selected ]]>
    </line>
    <line>
      <![CDATA[View as PDF link  is selected ]]>
    </line>
    <line>
      <![CDATA[Download all Pages]]>
    </line>
    <line>
      <![CDATA[Download first Page]]>
    </line>
    <line>
      <![CDATA[Closing the viewer]]>
    </line>
    <line>
      <![CDATA[Logout Button is clicked ]]>
    </line>
    <line>
      <![CDATA[Username: ]]>
    </line>
    <line>
      <![CDATA[Password: ]]>
    </line>
    <line>
      <![CDATA[Room: ]]>
    </line>
    <line>
      <![CDATA[Remember me checkbox is selected]]>
    </line>
  </reporter-output>
  <suite started-at="2024-10-15T14:22:21Z" name="Suite" finished-at="2024-10-15T14:31:39Z" duration-ms="558300">
    <groups>
    </groups>
    <test started-at="2024-10-15T14:22:21Z" name="Test1" finished-at="2024-10-15T14:24:22Z" duration-ms="121091">
      <class name="Scripts.NewTestDocuments">
        <test-method is-config="true" signature="beforeTest(java.lang.String)[pri:0, instance:Scripts.NewTestDocuments@3d680b5a]" started-at="2024-10-15T19:52:21Z" name="beforeTest" finished-at="2024-10-15T19:52:24Z" duration-ms="3202" status="PASS">
          <params>
            <param index="0">
              <value>
                <![CDATA[chrome]]>
              </value>
            </param>
          </params>
          <reporter-output>
          </reporter-output>
        </test-method> <!-- beforeTest -->
        <test-method signature="testValidLogin()[pri:1, instance:Scripts.NewTestDocuments@3d680b5a]" started-at="2024-10-15T19:52:24Z" name="testValidLogin" finished-at="2024-10-15T19:52:48Z" duration-ms="24399" status="FAIL">
          <exception class="org.openqa.selenium.NoSuchElementException">
            <message>
              <![CDATA[no such element: Unable to locate element: {"method":"xpath","selector":"//select[@id='rooms']"}
  (Session info: chrome=129.0.6668.100)
For documentation on this error, please visit: https://www.seleniumhq.org/exceptions/no_such_element.html
Build info: version: '3.141.59', revision: 'e82be7d358', time: '2018-11-14T08:17:03'
System info: host: 'CIPLWKT011', ip: '10.4.8.11', os.name: 'Windows 11', os.arch: 'amd64', os.version: '10.0', java.version: '22.0.2'
Driver info: org.openqa.selenium.chrome.ChromeDriver
Capabilities {acceptInsecureCerts: false, browserName: chrome, browserVersion: 129.0.6668.100, chrome: {chromedriverVersion: 128.0.6613.137 (fe621c5aa2d..., userDataDir: C:\Users\vidya.h\AppData\Lo...}, fedcm:accounts: true, goog:chromeOptions: {debuggerAddress: localhost:62772}, javascriptEnabled: true, networkConnectionEnabled: false, pageLoadStrategy: normal, platform: WINDOWS, platformName: WINDOWS, proxy: Proxy(), setWindowRect: true, strictFileInteractability: false, timeouts: {implicit: 0, pageLoad: 300000, script: 30000}, unhandledPromptBehavior: dismiss and notify, webauthn:extension:credBlob: true, webauthn:extension:largeBlob: true, webauthn:extension:minPinLength: true, webauthn:extension:prf: true, webauthn:virtualAuthenticators: true}
Session ID: 7d2f17b0df4de89cdcb20e47dee904d1
*** Element info: {Using=xpath, value=//select[@id='rooms']}]]>
            </message>
            <full-stacktrace>
              <![CDATA[org.openqa.selenium.NoSuchElementException: no such element: Unable to locate element: {"method":"xpath","selector":"//select[@id='rooms']"}
  (Session info: chrome=129.0.6668.100)
For documentation on this error, please visit: https://www.seleniumhq.org/exceptions/no_such_element.html
Build info: version: '3.141.59', revision: 'e82be7d358', time: '2018-11-14T08:17:03'
System info: host: 'CIPLWKT011', ip: '10.4.8.11', os.name: 'Windows 11', os.arch: 'amd64', os.version: '10.0', java.version: '22.0.2'
Driver info: org.openqa.selenium.chrome.ChromeDriver
Capabilities {acceptInsecureCerts: false, browserName: chrome, browserVersion: 129.0.6668.100, chrome: {chromedriverVersion: 128.0.6613.137 (fe621c5aa2d..., userDataDir: C:\Users\vidya.h\AppData\Lo...}, fedcm:accounts: true, goog:chromeOptions: {debuggerAddress: localhost:62772}, javascriptEnabled: true, networkConnectionEnabled: false, pageLoadStrategy: normal, platform: WINDOWS, platformName: WINDOWS, proxy: Proxy(), setWindowRect: true, strictFileInteractability: false, timeouts: {implicit: 0, pageLoad: 300000, script: 30000}, unhandledPromptBehavior: dismiss and notify, webauthn:extension:credBlob: true, webauthn:extension:largeBlob: true, webauthn:extension:minPinLength: true, webauthn:extension:prf: true, webauthn:virtualAuthenticators: true}
Session ID: 7d2f17b0df4de89cdcb20e47dee904d1
*** Element info: {Using=xpath, value=//select[@id='rooms']}
	at java.base/jdk.internal.reflect.DirectConstructorHandleAccessor.newInstance(DirectConstructorHandleAccessor.java:62)
	at java.base/java.lang.reflect.Constructor.newInstanceWithCaller(Constructor.java:502)
	at java.base/java.lang.reflect.Constructor.newInstance(Constructor.java:486)
	at org.openqa.selenium.remote.http.W3CHttpResponseCodec.createException(W3CHttpResponseCodec.java:187)
	at org.openqa.selenium.remote.http.W3CHttpResponseCodec.decode(W3CHttpResponseCodec.java:122)
	at org.openqa.selenium.remote.http.W3CHttpResponseCodec.decode(W3CHttpResponseCodec.java:49)
	at org.openqa.selenium.remote.HttpCommandExecutor.execute(HttpCommandExecutor.java:158)
	at org.openqa.selenium.remote.service.DriverCommandExecutor.execute(DriverCommandExecutor.java:83)
	at org.openqa.selenium.remote.RemoteWebDriver.execute(RemoteWebDriver.java:552)
	at org.openqa.selenium.remote.RemoteWebDriver.findElement(RemoteWebDriver.java:323)
	at org.openqa.selenium.remote.RemoteWebDriver.findElementByXPath(RemoteWebDriver.java:428)
	at org.openqa.selenium.By$ByXPath.findElement(By.java:353)
	at org.openqa.selenium.remote.RemoteWebDriver.findElement(RemoteWebDriver.java:315)
	at org.openqa.selenium.support.pagefactory.DefaultElementLocator.findElement(DefaultElementLocator.java:69)
	at org.openqa.selenium.support.pagefactory.internal.LocatingElementHandler.invoke(LocatingElementHandler.java:38)
	at jdk.proxy2/jdk.proxy2.$Proxy12.getTagName(Unknown Source)
	at org.openqa.selenium.support.ui.Select.<init>(Select.java:45)
	at Pom.LoginPage.<init>(LoginPage.java:70)
	at Scripts.NewTestDocuments.testValidLogin(NewTestDocuments.java:32)
	at java.base/jdk.internal.reflect.DirectMethodHandleAccessor.invoke(DirectMethodHandleAccessor.java:103)
	at java.base/java.lang.reflect.Method.invoke(Method.java:580)
	at org.testng.internal.MethodInvocationHelper.invokeMethod(MethodInvocationHelper.java:104)
	at org.testng.internal.Invoker.invokeMethod(Invoker.java:645)
	at org.testng.internal.Invoker.invokeTestMethod(Invoker.java:851)
	at org.testng.internal.Invoker.invokeTestMethods(Invoker.java:1177)
	at org.testng.internal.TestMethodWorker.invokeTestMethods(TestMethodWorker.java:129)
	at org.testng.internal.TestMethodWorker.run(TestMethodWorker.java:112)
	at org.testng.TestRunner.privateRun(TestRunner.java:756)
	at org.testng.TestRunner.run(TestRunner.java:610)
	at org.testng.SuiteRunner.runTest(SuiteRunner.java:387)
	at org.testng.SuiteRunner.runSequentially(SuiteRunner.java:382)
	at org.testng.SuiteRunner.privateRun(SuiteRunner.java:340)
	at org.testng.SuiteRunner.run(SuiteRunner.java:289)
	at org.testng.SuiteRunnerWorker.runSuite(SuiteRunnerWorker.java:52)
	at org.testng.SuiteRunnerWorker.run(SuiteRunnerWorker.java:86)
	at org.testng.TestNG.runSuitesSequentially(TestNG.java:1293)
	at org.testng.TestNG.runSuitesLocally(TestNG.java:1218)
	at org.testng.TestNG.runSuites(TestNG.java:1133)
	at org.testng.TestNG.run(TestNG.java:1104)
	at org.testng.remote.AbstractRemoteTestNG.run(AbstractRemoteTestNG.java:115)
	at org.testng.remote.RemoteTestNG.initAndRun(RemoteTestNG.java:293)
	at org.testng.remote.RemoteTestNG.main(RemoteTestNG.java:91)
]]>
            </full-stacktrace>
          </exception> <!-- org.openqa.selenium.NoSuchElementException -->
          <reporter-output>
            <line>
              <![CDATA[Username:vidya]]>
            </line>
            <line>
              <![CDATA[Password:syntax@10]]>
            </line>
            <line>
              <![CDATA[Room:TestServer_2024B264bit.CV2024B2_64bitDB]]>
            </line>
            <line>
              <![CDATA[Remember me checkbox is selected]]>
            </line>
            <line>
              <![CDATA[Username: ]]>
            </line>
            <line>
              <![CDATA[Password:]]>
            </line>
            <line>
              <![CDATA[Room: ]]>
            </line>
          </reporter-output>
        </test-method> <!-- testValidLogin -->
        <test-method is-config="true" signature="screenShot(org.testng.ITestResult)[pri:0, instance:Scripts.NewTestDocuments@3d680b5a]" started-at="2024-10-15T19:52:48Z" name="screenShot" finished-at="2024-10-15T19:52:48Z" duration-ms="117" status="PASS">
          <params>
            <param index="0">
              <value>
                <![CDATA[[TestResult name=testValidLogin status=FAILURE method=NewTestDocuments.testValidLogin()[pri:1, instance:Scripts.NewTestDocuments@3d680b5a] output=Username:vidya]]]>
              </value>
            </param>
          </params>
          <reporter-output>
          </reporter-output>
        </test-method> <!-- screenShot -->
        <test-method signature="Createopen()[pri:2, instance:Scripts.NewTestDocuments@3d680b5a]" started-at="2024-10-15T19:52:48Z" name="Createopen" finished-at="2024-10-15T19:52:58Z" duration-ms="9950" status="PASS">
          <reporter-output>
          </reporter-output>
        </test-method> <!-- Createopen -->
        <test-method signature="Createdoc1()[pri:3, instance:Scripts.NewTestDocuments@3d680b5a]" started-at="2024-10-15T19:52:58Z" name="Createdoc1" finished-at="2024-10-15T19:54:21Z" duration-ms="83259" status="FAIL">
          <exception class="org.openqa.selenium.TimeoutException">
            <message>
              <![CDATA[Expected condition failed: waiting for element to be clickable: Proxy element for: DefaultElementLocator 'By.xpath: //span[@id='logedinusername']' (tried for 10 second(s) with 500 milliseconds interval)]]>
            </message>
            <full-stacktrace>
              <![CDATA[org.openqa.selenium.TimeoutException: Expected condition failed: waiting for element to be clickable: Proxy element for: DefaultElementLocator 'By.xpath: //span[@id='logedinusername']' (tried for 10 second(s) with 500 milliseconds interval)
	at org.openqa.selenium.support.ui.WebDriverWait.timeoutException(WebDriverWait.java:95)
	at org.openqa.selenium.support.ui.FluentWait.until(FluentWait.java:272)
	at Pom.Logout.SetLogout(Logout.java:33)
	at Scripts.LogoutPage.testLogout(LogoutPage.java:22)
	at Scripts.CreateNavigateDocument.testCreateNaviagateDocument(CreateNavigateDocument.java:48)
	at Scripts.NewTestDocuments.Createdoc1(NewTestDocuments.java:55)
	at java.base/jdk.internal.reflect.DirectMethodHandleAccessor.invoke(DirectMethodHandleAccessor.java:103)
	at java.base/java.lang.reflect.Method.invoke(Method.java:580)
	at org.testng.internal.MethodInvocationHelper.invokeMethod(MethodInvocationHelper.java:104)
	at org.testng.internal.Invoker.invokeMethod(Invoker.java:645)
	at org.testng.internal.Invoker.invokeTestMethod(Invoker.java:851)
	at org.testng.internal.Invoker.invokeTestMethods(Invoker.java:1177)
	at org.testng.internal.TestMethodWorker.invokeTestMethods(TestMethodWorker.java:129)
	at org.testng.internal.TestMethodWorker.run(TestMethodWorker.java:112)
	at org.testng.TestRunner.privateRun(TestRunner.java:756)
	at org.testng.TestRunner.run(TestRunner.java:610)
	at org.testng.SuiteRunner.runTest(SuiteRunner.java:387)
	at org.testng.SuiteRunner.runSequentially(SuiteRunner.java:382)
	at org.testng.SuiteRunner.privateRun(SuiteRunner.java:340)
	at org.testng.SuiteRunner.run(SuiteRunner.java:289)
	at org.testng.SuiteRunnerWorker.runSuite(SuiteRunnerWorker.java:52)
	at org.testng.SuiteRunnerWorker.run(SuiteRunnerWorker.java:86)
	at org.testng.TestNG.runSuitesSequentially(TestNG.java:1293)
	at org.testng.TestNG.runSuitesLocally(TestNG.java:1218)
	at org.testng.TestNG.runSuites(TestNG.java:1133)
	at org.testng.TestNG.run(TestNG.java:1104)
	at org.testng.remote.AbstractRemoteTestNG.run(AbstractRemoteTestNG.java:115)
	at org.testng.remote.RemoteTestNG.initAndRun(RemoteTestNG.java:293)
	at org.testng.remote.RemoteTestNG.main(RemoteTestNG.java:91)
Caused by: org.openqa.selenium.NoSuchElementException: no such element: Unable to locate element: {"method":"xpath","selector":"//span[@id='logedinusername']"}
  (Session info: chrome=129.0.6668.100)
For documentation on this error, please visit: https://www.seleniumhq.org/exceptions/no_such_element.html
Build info: version: '3.141.59', revision: 'e82be7d358', time: '2018-11-14T08:17:03'
System info: host: 'CIPLWKT011', ip: '10.4.8.11', os.name: 'Windows 11', os.arch: 'amd64', os.version: '10.0', java.version: '22.0.2'
Driver info: org.openqa.selenium.chrome.ChromeDriver
Capabilities {acceptInsecureCerts: false, browserName: chrome, browserVersion: 129.0.6668.100, chrome: {chromedriverVersion: 128.0.6613.137 (fe621c5aa2d..., userDataDir: C:\Users\vidya.h\AppData\Lo...}, fedcm:accounts: true, goog:chromeOptions: {debuggerAddress: localhost:62772}, javascriptEnabled: true, networkConnectionEnabled: false, pageLoadStrategy: normal, platform: WINDOWS, platformName: WINDOWS, proxy: Proxy(), setWindowRect: true, strictFileInteractability: false, timeouts: {implicit: 0, pageLoad: 300000, script: 30000}, unhandledPromptBehavior: dismiss and notify, webauthn:extension:credBlob: true, webauthn:extension:largeBlob: true, webauthn:extension:minPinLength: true, webauthn:extension:prf: true, webauthn:virtualAuthenticators: true}
Session ID: 7d2f17b0df4de89cdcb20e47dee904d1
*** Element info: {Using=xpath, value=//span[@id='logedinusername']}
	at java.base/jdk.internal.reflect.DirectConstructorHandleAccessor.newInstance(DirectConstructorHandleAccessor.java:62)
	at java.base/java.lang.reflect.Constructor.newInstanceWithCaller(Constructor.java:502)
	at java.base/java.lang.reflect.Constructor.newInstance(Constructor.java:486)
	at org.openqa.selenium.remote.http.W3CHttpResponseCodec.createException(W3CHttpResponseCodec.java:187)
	at org.openqa.selenium.remote.http.W3CHttpResponseCodec.decode(W3CHttpResponseCodec.java:122)
	at org.openqa.selenium.remote.http.W3CHttpResponseCodec.decode(W3CHttpResponseCodec.java:49)
	at org.openqa.selenium.remote.HttpCommandExecutor.execute(HttpCommandExecutor.java:158)
	at org.openqa.selenium.remote.service.DriverCommandExecutor.execute(DriverCommandExecutor.java:83)
	at org.openqa.selenium.remote.RemoteWebDriver.execute(RemoteWebDriver.java:552)
	at org.openqa.selenium.remote.RemoteWebDriver.findElement(RemoteWebDriver.java:323)
	at org.openqa.selenium.remote.RemoteWebDriver.findElementByXPath(RemoteWebDriver.java:428)
	at org.openqa.selenium.By$ByXPath.findElement(By.java:353)
	at org.openqa.selenium.remote.RemoteWebDriver.findElement(RemoteWebDriver.java:315)
	at org.openqa.selenium.support.pagefactory.DefaultElementLocator.findElement(DefaultElementLocator.java:69)
	at org.openqa.selenium.support.pagefactory.internal.LocatingElementHandler.invoke(LocatingElementHandler.java:38)
	at jdk.proxy2/jdk.proxy2.$Proxy12.isDisplayed(Unknown Source)
	at org.openqa.selenium.support.ui.ExpectedConditions.elementIfVisible(ExpectedConditions.java:314)
	at org.openqa.selenium.support.ui.ExpectedConditions.access$000(ExpectedConditions.java:43)
	at org.openqa.selenium.support.ui.ExpectedConditions$10.apply(ExpectedConditions.java:300)
	at org.openqa.selenium.support.ui.ExpectedConditions$10.apply(ExpectedConditions.java:297)
	at org.openqa.selenium.support.ui.ExpectedConditions$23.apply(ExpectedConditions.java:670)
	at org.openqa.selenium.support.ui.ExpectedConditions$23.apply(ExpectedConditions.java:666)
	at org.openqa.selenium.support.ui.FluentWait.until(FluentWait.java:249)
	... 27 more
]]>
            </full-stacktrace>
          </exception> <!-- org.openqa.selenium.TimeoutException -->
          <reporter-output>
            <line>
              <![CDATA[DocumentType is:CVReports]]>
            </line>
            <line>
              <![CDATA[IndexValue is:Test document]]>
            </line>
            <line>
              <![CDATA[New Document Button is clicked ]]>
            </line>
            <line>
              <![CDATA[Menu items areBrowse...
Camera
Scan...
New Word Document
New Excel Spreadsheet
New Pdf Document]]>
            </line>
            <line>
              <![CDATA[Menu items are displayed]]>
            </line>
            <line>
              <![CDATA[Pages are uploaded successfully]]>
            </line>
            <line>
              <![CDATA[Folder location is: Export\New Drawer\Folder New]]>
            </line>
            <line>
              <![CDATA[document type is selected]]>
            </line>
            <line>
              <![CDATA[Index value is:Test document]]>
            </line>
            <line>
              <![CDATA[Create Button is clicked ]]>
            </line>
            <line>
              <![CDATA[Navigate Button is clicked ]]>
            </line>
            <line>
              <![CDATA[Recent Folder::[[ChromeDriver: chrome on WINDOWS (7d2f17b0df4de89cdcb20e47dee904d1)] -> xpath: //table[@id='recentFolders']/tbody/tr[1]/td[1]]]]>
            </line>
            <line>
              <![CDATA[Recent Document::[[ChromeDriver: chrome on WINDOWS (7d2f17b0df4de89cdcb20e47dee904d1)] -> xpath: .//table[@id='recentDocuments']/tbody/tr[1]/td[1]]]]>
            </line>
            <line>
              <![CDATA[The alert is not present]]>
            </line>
            <line>
              <![CDATA[Closing the viewer]]>
            </line>
            <line>
              <![CDATA[Logout Button is clicked ]]>
            </line>
          </reporter-output>
        </test-method> <!-- Createdoc1 -->
        <test-method is-config="true" signature="screenShot(org.testng.ITestResult)[pri:0, instance:Scripts.NewTestDocuments@3d680b5a]" started-at="2024-10-15T19:52:58Z" name="screenShot" finished-at="2024-10-15T19:52:58Z" duration-ms="0" status="PASS">
          <params>
            <param index="0">
              <value>
                <![CDATA[[TestResult name=Createopen status=SUCCESS method=NewTestDocuments.Createopen()[pri:2, instance:Scripts.NewTestDocuments@3d680b5a] output={null}]]]>
              </value>
            </param>
          </params>
          <reporter-output>
          </reporter-output>
        </test-method> <!-- screenShot -->
        <test-method is-config="true" signature="screenShot(org.testng.ITestResult)[pri:0, instance:Scripts.NewTestDocuments@3d680b5a]" started-at="2024-10-15T19:54:21Z" name="screenShot" finished-at="2024-10-15T19:54:22Z" duration-ms="140" status="PASS">
          <params>
            <param index="0">
              <value>
                <![CDATA[[TestResult name=Createdoc1 status=FAILURE method=NewTestDocuments.Createdoc1()[pri:3, instance:Scripts.NewTestDocuments@3d680b5a] output=DocumentType is:CVReports]]]>
              </value>
            </param>
          </params>
          <reporter-output>
          </reporter-output>
        </test-method> <!-- screenShot -->
      </class> <!-- Scripts.NewTestDocuments -->
    </test> <!-- Test1 -->
    <test started-at="2024-10-15T14:24:22Z" name="Test2" finished-at="2024-10-15T14:26:32Z" duration-ms="130132">
      <class name="Scripts.ValidLogin">
        <test-method is-config="true" signature="beforeTest(java.lang.String)[pri:0, instance:Scripts.ValidLogin@6a28ffa4]" started-at="2024-10-15T19:54:22Z" name="beforeTest" finished-at="2024-10-15T19:54:24Z" duration-ms="2675" status="PASS">
          <params>
            <param index="0">
              <value>
                <![CDATA[chrome]]>
              </value>
            </param>
          </params>
          <reporter-output>
          </reporter-output>
        </test-method> <!-- beforeTest -->
        <test-method signature="testValidLogin()[pri:1, instance:Scripts.ValidLogin@6a28ffa4]" started-at="2024-10-15T19:54:24Z" name="testValidLogin" finished-at="2024-10-15T19:56:32Z" duration-ms="127323" status="FAIL">
          <exception class="org.openqa.selenium.JavascriptException">
            <message>
              <![CDATA[javascript error: {"status":60,"value":"[object HTMLSpanElement] has no size and location"}
  (Session info: chrome=129.0.6668.100)
Build info: version: '3.141.59', revision: 'e82be7d358', time: '2018-11-14T08:17:03'
System info: host: 'CIPLWKT011', ip: '10.4.8.11', os.name: 'Windows 11', os.arch: 'amd64', os.version: '10.0', java.version: '22.0.2'
Driver info: org.openqa.selenium.chrome.ChromeDriver
Capabilities {acceptInsecureCerts: false, browserName: chrome, browserVersion: 129.0.6668.100, chrome: {chromedriverVersion: 128.0.6613.137 (fe621c5aa2d..., userDataDir: C:\Users\vidya.h\AppData\Lo...}, fedcm:accounts: true, goog:chromeOptions: {debuggerAddress: localhost:62897}, javascriptEnabled: true, networkConnectionEnabled: false, pageLoadStrategy: normal, platform: WINDOWS, platformName: WINDOWS, proxy: Proxy(), setWindowRect: true, strictFileInteractability: false, timeouts: {implicit: 0, pageLoad: 300000, script: 30000}, unhandledPromptBehavior: dismiss and notify, webauthn:extension:credBlob: true, webauthn:extension:largeBlob: true, webauthn:extension:minPinLength: true, webauthn:extension:prf: true, webauthn:virtualAuthenticators: true}
Session ID: fa8e1b600fd1c4cda53e152b3dbe8b53]]>
            </message>
            <full-stacktrace>
              <![CDATA[org.openqa.selenium.JavascriptException: javascript error: {"status":60,"value":"[object HTMLSpanElement] has no size and location"}
  (Session info: chrome=129.0.6668.100)
Build info: version: '3.141.59', revision: 'e82be7d358', time: '2018-11-14T08:17:03'
System info: host: 'CIPLWKT011', ip: '10.4.8.11', os.name: 'Windows 11', os.arch: 'amd64', os.version: '10.0', java.version: '22.0.2'
Driver info: org.openqa.selenium.chrome.ChromeDriver
Capabilities {acceptInsecureCerts: false, browserName: chrome, browserVersion: 129.0.6668.100, chrome: {chromedriverVersion: 128.0.6613.137 (fe621c5aa2d..., userDataDir: C:\Users\vidya.h\AppData\Lo...}, fedcm:accounts: true, goog:chromeOptions: {debuggerAddress: localhost:62897}, javascriptEnabled: true, networkConnectionEnabled: false, pageLoadStrategy: normal, platform: WINDOWS, platformName: WINDOWS, proxy: Proxy(), setWindowRect: true, strictFileInteractability: false, timeouts: {implicit: 0, pageLoad: 300000, script: 30000}, unhandledPromptBehavior: dismiss and notify, webauthn:extension:credBlob: true, webauthn:extension:largeBlob: true, webauthn:extension:minPinLength: true, webauthn:extension:prf: true, webauthn:virtualAuthenticators: true}
Session ID: fa8e1b600fd1c4cda53e152b3dbe8b53
	at java.base/jdk.internal.reflect.DirectConstructorHandleAccessor.newInstance(DirectConstructorHandleAccessor.java:62)
	at java.base/java.lang.reflect.Constructor.newInstanceWithCaller(Constructor.java:502)
	at java.base/java.lang.reflect.Constructor.newInstance(Constructor.java:486)
	at org.openqa.selenium.remote.http.W3CHttpResponseCodec.createException(W3CHttpResponseCodec.java:187)
	at org.openqa.selenium.remote.http.W3CHttpResponseCodec.decode(W3CHttpResponseCodec.java:122)
	at org.openqa.selenium.remote.http.W3CHttpResponseCodec.decode(W3CHttpResponseCodec.java:49)
	at org.openqa.selenium.remote.HttpCommandExecutor.execute(HttpCommandExecutor.java:158)
	at org.openqa.selenium.remote.service.DriverCommandExecutor.execute(DriverCommandExecutor.java:83)
	at org.openqa.selenium.remote.RemoteWebDriver.execute(RemoteWebDriver.java:552)
	at org.openqa.selenium.remote.RemoteWebDriver.perform(RemoteWebDriver.java:618)
	at org.openqa.selenium.interactions.Actions$BuiltAction.perform(Actions.java:639)
	at Pom.ViewerToolbar.SetFullScreen(ViewerToolbar.java:531)
	at Scripts.Viewer.testViewerToolbar(Viewer.java:32)
	at Scripts.CreateDocument.testCreateDocument(CreateDocument.java:41)
	at Scripts.NodeCreation.testCreateNode(NodeCreation.java:47)
	at Scripts.ValidLogin.testValidLogin(ValidLogin.java:49)
	at java.base/jdk.internal.reflect.DirectMethodHandleAccessor.invoke(DirectMethodHandleAccessor.java:103)
	at java.base/java.lang.reflect.Method.invoke(Method.java:580)
	at org.testng.internal.MethodInvocationHelper.invokeMethod(MethodInvocationHelper.java:104)
	at org.testng.internal.Invoker.invokeMethod(Invoker.java:645)
	at org.testng.internal.Invoker.invokeTestMethod(Invoker.java:851)
	at org.testng.internal.Invoker.invokeTestMethods(Invoker.java:1177)
	at org.testng.internal.TestMethodWorker.invokeTestMethods(TestMethodWorker.java:129)
	at org.testng.internal.TestMethodWorker.run(TestMethodWorker.java:112)
	at org.testng.TestRunner.privateRun(TestRunner.java:756)
	at org.testng.TestRunner.run(TestRunner.java:610)
	at org.testng.SuiteRunner.runTest(SuiteRunner.java:387)
	at org.testng.SuiteRunner.runSequentially(SuiteRunner.java:382)
	at org.testng.SuiteRunner.privateRun(SuiteRunner.java:340)
	at org.testng.SuiteRunner.run(SuiteRunner.java:289)
	at org.testng.SuiteRunnerWorker.runSuite(SuiteRunnerWorker.java:52)
	at org.testng.SuiteRunnerWorker.run(SuiteRunnerWorker.java:86)
	at org.testng.TestNG.runSuitesSequentially(TestNG.java:1293)
	at org.testng.TestNG.runSuitesLocally(TestNG.java:1218)
	at org.testng.TestNG.runSuites(TestNG.java:1133)
	at org.testng.TestNG.run(TestNG.java:1104)
	at org.testng.remote.AbstractRemoteTestNG.run(AbstractRemoteTestNG.java:115)
	at org.testng.remote.RemoteTestNG.initAndRun(RemoteTestNG.java:293)
	at org.testng.remote.RemoteTestNG.main(RemoteTestNG.java:91)
]]>
            </full-stacktrace>
          </exception> <!-- org.openqa.selenium.JavascriptException -->
          <reporter-output>
            <line>
              <![CDATA[rc count:9]]>
            </line>
            <line>
              <![CDATA[Username:vidya]]>
            </line>
            <line>
              <![CDATA[Password:syntax@10]]>
            </line>
            <line>
              <![CDATA[Room:TestServer_2024B264bit.CV2024B2_64bitDB]]>
            </line>
            <line>
              <![CDATA[Remember me checkbox is selected]]>
            </line>
            <line>
              <![CDATA[Session message is not displayed]]>
            </line>
            <line>
              <![CDATA[Cabinet:New Cabinet]]>
            </line>
            <line>
              <![CDATA[Drawer:New Drawer]]>
            </line>
            <line>
              <![CDATA[Folder:New Folder]]>
            </line>
            <line>
              <![CDATA[ExistingCabinet:: Export]]>
            </line>
            <line>
              <![CDATA[Existing cabinet is selected]]>
            </line>
            <line>
              <![CDATA[Drawer is selected]]>
            </line>
            <line>
              <![CDATA[Folder is selected]]>
            </line>
            <line>
              <![CDATA[DocumentType is:CVReports]]>
            </line>
            <line>
              <![CDATA[IndexValue is:Test document]]>
            </line>
            <line>
              <![CDATA[New Document Button is clicked ]]>
            </line>
            <line>
              <![CDATA[Menu items areBrowse...
Camera
Scan...
New Word Document
New Excel Spreadsheet
New Pdf Document]]>
            </line>
            <line>
              <![CDATA[Menu items are displayed]]>
            </line>
            <line>
              <![CDATA[Pages are uploaded successfully]]>
            </line>
            <line>
              <![CDATA[Folder location is: Export\New Drawer\New Folder]]>
            </line>
            <line>
              <![CDATA[document type is selected]]>
            </line>
            <line>
              <![CDATA[Index value is:Test document]]>
            </line>
            <line>
              <![CDATA[Create Button is clicked ]]>
            </line>
            <line>
              <![CDATA[View Button is clicked ]]>
            </line>
            <line>
              <![CDATA[Comments are added]]>
            </line>
            <line>
              <![CDATA[Comments are edited]]>
            </line>
            <line>
              <![CDATA[Thumbnail is selected ]]>
            </line>
            <line>
              <![CDATA[View menu icon is selected ]]>
            </line>
          </reporter-output>
        </test-method> <!-- testValidLogin -->
        <test-method is-config="true" signature="screenShot(org.testng.ITestResult)[pri:0, instance:Scripts.ValidLogin@6a28ffa4]" started-at="2024-10-15T19:56:32Z" name="screenShot" finished-at="2024-10-15T19:56:32Z" duration-ms="131" status="PASS">
          <params>
            <param index="0">
              <value>
                <![CDATA[[TestResult name=testValidLogin status=FAILURE method=ValidLogin.testValidLogin()[pri:1, instance:Scripts.ValidLogin@6a28ffa4] output=rc count:9]]]>
              </value>
            </param>
          </params>
          <reporter-output>
          </reporter-output>
        </test-method> <!-- screenShot -->
      </class> <!-- Scripts.ValidLogin -->
    </test> <!-- Test2 -->
    <test started-at="2024-10-15T14:26:32Z" name="Test3" finished-at="2024-10-15T14:31:39Z" duration-ms="307029">
      <class name="Scripts.OpenDocument">
        <test-method is-config="true" signature="beforeTest(java.lang.String)[pri:0, instance:Scripts.OpenDocument@1ddf84b8]" started-at="2024-10-15T19:56:32Z" name="beforeTest" finished-at="2024-10-15T19:56:35Z" duration-ms="2687" status="PASS">
          <params>
            <param index="0">
              <value>
                <![CDATA[chrome]]>
              </value>
            </param>
          </params>
          <reporter-output>
          </reporter-output>
        </test-method> <!-- beforeTest -->
        <test-method signature="testOpenDocument()[pri:3, instance:Scripts.OpenDocument@1ddf84b8]" started-at="2024-10-15T19:56:35Z" name="testOpenDocument" finished-at="2024-10-15T20:01:39Z" duration-ms="304125" status="FAIL">
          <exception class="org.openqa.selenium.NoSuchElementException">
            <message>
              <![CDATA[no such element: Unable to locate element: {"method":"xpath","selector":".//*[@id='viewDocumentnavigator']/ul/li/a"}
  (Session info: chrome=129.0.6668.100)
For documentation on this error, please visit: https://www.seleniumhq.org/exceptions/no_such_element.html
Build info: version: '3.141.59', revision: 'e82be7d358', time: '2018-11-14T08:17:03'
System info: host: 'CIPLWKT011', ip: '10.4.8.11', os.name: 'Windows 11', os.arch: 'amd64', os.version: '10.0', java.version: '22.0.2'
Driver info: org.openqa.selenium.chrome.ChromeDriver
Capabilities {acceptInsecureCerts: false, browserName: chrome, browserVersion: 129.0.6668.100, chrome: {chromedriverVersion: 128.0.6613.137 (fe621c5aa2d..., userDataDir: C:\Users\vidya.h\AppData\Lo...}, fedcm:accounts: true, goog:chromeOptions: {debuggerAddress: localhost:63017}, javascriptEnabled: true, networkConnectionEnabled: false, pageLoadStrategy: normal, platform: WINDOWS, platformName: WINDOWS, proxy: Proxy(), setWindowRect: true, strictFileInteractability: false, timeouts: {implicit: 0, pageLoad: 300000, script: 30000}, unhandledPromptBehavior: dismiss and notify, webauthn:extension:credBlob: true, webauthn:extension:largeBlob: true, webauthn:extension:minPinLength: true, webauthn:extension:prf: true, webauthn:virtualAuthenticators: true}
Session ID: 6f2498c53e295413d09a04d450313795
*** Element info: {Using=xpath, value=.//*[@id='viewDocumentnavigator']/ul/li/a}]]>
            </message>
            <full-stacktrace>
              <![CDATA[org.openqa.selenium.NoSuchElementException: no such element: Unable to locate element: {"method":"xpath","selector":".//*[@id='viewDocumentnavigator']/ul/li/a"}
  (Session info: chrome=129.0.6668.100)
For documentation on this error, please visit: https://www.seleniumhq.org/exceptions/no_such_element.html
Build info: version: '3.141.59', revision: 'e82be7d358', time: '2018-11-14T08:17:03'
System info: host: 'CIPLWKT011', ip: '10.4.8.11', os.name: 'Windows 11', os.arch: 'amd64', os.version: '10.0', java.version: '22.0.2'
Driver info: org.openqa.selenium.chrome.ChromeDriver
Capabilities {acceptInsecureCerts: false, browserName: chrome, browserVersion: 129.0.6668.100, chrome: {chromedriverVersion: 128.0.6613.137 (fe621c5aa2d..., userDataDir: C:\Users\vidya.h\AppData\Lo...}, fedcm:accounts: true, goog:chromeOptions: {debuggerAddress: localhost:63017}, javascriptEnabled: true, networkConnectionEnabled: false, pageLoadStrategy: normal, platform: WINDOWS, platformName: WINDOWS, proxy: Proxy(), setWindowRect: true, strictFileInteractability: false, timeouts: {implicit: 0, pageLoad: 300000, script: 30000}, unhandledPromptBehavior: dismiss and notify, webauthn:extension:credBlob: true, webauthn:extension:largeBlob: true, webauthn:extension:minPinLength: true, webauthn:extension:prf: true, webauthn:virtualAuthenticators: true}
Session ID: 6f2498c53e295413d09a04d450313795
*** Element info: {Using=xpath, value=.//*[@id='viewDocumentnavigator']/ul/li/a}
	at java.base/jdk.internal.reflect.DirectConstructorHandleAccessor.newInstance(DirectConstructorHandleAccessor.java:62)
	at java.base/java.lang.reflect.Constructor.newInstanceWithCaller(Constructor.java:502)
	at java.base/java.lang.reflect.Constructor.newInstance(Constructor.java:486)
	at org.openqa.selenium.remote.http.W3CHttpResponseCodec.createException(W3CHttpResponseCodec.java:187)
	at org.openqa.selenium.remote.http.W3CHttpResponseCodec.decode(W3CHttpResponseCodec.java:122)
	at org.openqa.selenium.remote.http.W3CHttpResponseCodec.decode(W3CHttpResponseCodec.java:49)
	at org.openqa.selenium.remote.HttpCommandExecutor.execute(HttpCommandExecutor.java:158)
	at org.openqa.selenium.remote.service.DriverCommandExecutor.execute(DriverCommandExecutor.java:83)
	at org.openqa.selenium.remote.RemoteWebDriver.execute(RemoteWebDriver.java:552)
	at org.openqa.selenium.remote.RemoteWebDriver.findElement(RemoteWebDriver.java:323)
	at org.openqa.selenium.remote.RemoteWebDriver.findElementByXPath(RemoteWebDriver.java:428)
	at org.openqa.selenium.By$ByXPath.findElement(By.java:353)
	at org.openqa.selenium.remote.RemoteWebDriver.findElement(RemoteWebDriver.java:315)
	at org.openqa.selenium.support.pagefactory.DefaultElementLocator.findElement(DefaultElementLocator.java:69)
	at org.openqa.selenium.support.pagefactory.internal.LocatingElementHandler.invoke(LocatingElementHandler.java:38)
	at jdk.proxy2/jdk.proxy2.$Proxy12.getText(Unknown Source)
	at Pom.OpenDoc.SetExpandNode(OpenDoc.java:66)
	at Scripts.OpenDocument.testOpenDocument(OpenDocument.java:42)
	at java.base/jdk.internal.reflect.DirectMethodHandleAccessor.invoke(DirectMethodHandleAccessor.java:103)
	at java.base/java.lang.reflect.Method.invoke(Method.java:580)
	at org.testng.internal.MethodInvocationHelper.invokeMethod(MethodInvocationHelper.java:104)
	at org.testng.internal.Invoker.invokeMethod(Invoker.java:645)
	at org.testng.internal.Invoker.invokeTestMethod(Invoker.java:851)
	at org.testng.internal.Invoker.invokeTestMethods(Invoker.java:1177)
	at org.testng.internal.TestMethodWorker.invokeTestMethods(TestMethodWorker.java:129)
	at org.testng.internal.TestMethodWorker.run(TestMethodWorker.java:112)
	at org.testng.TestRunner.privateRun(TestRunner.java:756)
	at org.testng.TestRunner.run(TestRunner.java:610)
	at org.testng.SuiteRunner.runTest(SuiteRunner.java:387)
	at org.testng.SuiteRunner.runSequentially(SuiteRunner.java:382)
	at org.testng.SuiteRunner.privateRun(SuiteRunner.java:340)
	at org.testng.SuiteRunner.run(SuiteRunner.java:289)
	at org.testng.SuiteRunnerWorker.runSuite(SuiteRunnerWorker.java:52)
	at org.testng.SuiteRunnerWorker.run(SuiteRunnerWorker.java:86)
	at org.testng.TestNG.runSuitesSequentially(TestNG.java:1293)
	at org.testng.TestNG.runSuitesLocally(TestNG.java:1218)
	at org.testng.TestNG.runSuites(TestNG.java:1133)
	at org.testng.TestNG.run(TestNG.java:1104)
	at org.testng.remote.AbstractRemoteTestNG.run(AbstractRemoteTestNG.java:115)
	at org.testng.remote.RemoteTestNG.initAndRun(RemoteTestNG.java:293)
	at org.testng.remote.RemoteTestNG.main(RemoteTestNG.java:91)
]]>
            </full-stacktrace>
          </exception> <!-- org.openqa.selenium.NoSuchElementException -->
          <reporter-output>
            <line>
              <![CDATA[rc count:9]]>
            </line>
            <line>
              <![CDATA[Username:vidya]]>
            </line>
            <line>
              <![CDATA[Password:syntax@10]]>
            </line>
            <line>
              <![CDATA[Room:TestServer_2024B264bit.CV2024B2_64bitDB]]>
            </line>
            <line>
              <![CDATA[Remember me checkbox is selected]]>
            </line>
            <line>
              <![CDATA[Comments are added]]>
            </line>
            <line>
              <![CDATA[Comments are edited]]>
            </line>
            <line>
              <![CDATA[Thumbnail is selected ]]>
            </line>
            <line>
              <![CDATA[View menu icon is selected ]]>
            </line>
            <line>
              <![CDATA[FullScreen icon is selected ]]>
            </line>
            <line>
              <![CDATA[FullScreen icon is selected again ]]>
            </line>
            <line>
              <![CDATA[Show thumbnails icon is selected  ]]>
            </line>
            <line>
              <![CDATA[Show thumbnails icon is selected again ]]>
            </line>
            <line>
              <![CDATA[Single page is selected  ]]>
            </line>
            <line>
              <![CDATA[Double page is selected]]>
            </line>
            <line>
              <![CDATA[Vertical page is selected]]>
            </line>
            <line>
              <![CDATA[Horizontal page is selected]]>
            </line>
            <line>
              <![CDATA[Page menu icon is selected ]]>
            </line>
            <line>
              <![CDATA[Copy icon is enabled and selected ]]>
            </line>
            <line>
              <![CDATA[Page is copied successfully]]>
            </line>
            <line>
              <![CDATA[Page menu icon is selected again ]]>
            </line>
            <line>
              <![CDATA[Paste icon is selected ]]>
            </line>
            <line>
              <![CDATA[Page is Pasted successfully]]>
            </line>
            <line>
              <![CDATA[Document is deleted successfully ]]>
            </line>
            <line>
              <![CDATA[Document is Saved successfully ]]>
            </line>
            <line>
              <![CDATA[View as PDF menu icon is selected ]]>
            </line>
            <line>
              <![CDATA[View as PDF link  is selected ]]>
            </line>
            <line>
              <![CDATA[Download all Pages]]>
            </line>
            <line>
              <![CDATA[Download first Page]]>
            </line>
            <line>
              <![CDATA[Closing the viewer]]>
            </line>
            <line>
              <![CDATA[Logout Button is clicked ]]>
            </line>
            <line>
              <![CDATA[Username: ]]>
            </line>
            <line>
              <![CDATA[Password:]]>
            </line>
            <line>
              <![CDATA[Room: ]]>
            </line>
            <line>
              <![CDATA[Remember me checkbox is selected]]>
            </line>
            <line>
              <![CDATA[Password should not be blank ]]>
            </line>
            <line>
              <![CDATA[Session message is not displayed]]>
            </line>
            <line>
              <![CDATA[Comments are added]]>
            </line>
            <line>
              <![CDATA[Comments are edited]]>
            </line>
            <line>
              <![CDATA[Thumbnail is selected ]]>
            </line>
            <line>
              <![CDATA[View menu icon is selected ]]>
            </line>
            <line>
              <![CDATA[FullScreen icon is selected ]]>
            </line>
            <line>
              <![CDATA[FullScreen icon is selected again ]]>
            </line>
            <line>
              <![CDATA[Show thumbnails icon is selected  ]]>
            </line>
            <line>
              <![CDATA[Show thumbnails icon is selected again ]]>
            </line>
            <line>
              <![CDATA[Single page is selected  ]]>
            </line>
            <line>
              <![CDATA[Double page is selected]]>
            </line>
            <line>
              <![CDATA[Vertical page is selected]]>
            </line>
            <line>
              <![CDATA[Horizontal page is selected]]>
            </line>
            <line>
              <![CDATA[Page menu icon is selected ]]>
            </line>
            <line>
              <![CDATA[Copy icon is enabled and selected ]]>
            </line>
            <line>
              <![CDATA[Page is copied successfully]]>
            </line>
            <line>
              <![CDATA[Page menu icon is selected again ]]>
            </line>
            <line>
              <![CDATA[Paste icon is selected ]]>
            </line>
            <line>
              <![CDATA[Page is Pasted successfully]]>
            </line>
            <line>
              <![CDATA[Document is deleted successfully ]]>
            </line>
            <line>
              <![CDATA[Document is Saved successfully ]]>
            </line>
            <line>
              <![CDATA[View as PDF menu icon is selected ]]>
            </line>
            <line>
              <![CDATA[View as PDF link  is selected ]]>
            </line>
            <line>
              <![CDATA[Download all Pages]]>
            </line>
            <line>
              <![CDATA[Download first Page]]>
            </line>
            <line>
              <![CDATA[Closing the viewer]]>
            </line>
            <line>
              <![CDATA[Logout Button is clicked ]]>
            </line>
            <line>
              <![CDATA[Username: ]]>
            </line>
            <line>
              <![CDATA[Password: ]]>
            </line>
            <line>
              <![CDATA[Room: ]]>
            </line>
            <line>
              <![CDATA[Remember me checkbox is selected]]>
            </line>
          </reporter-output>
        </test-method> <!-- testOpenDocument -->
        <test-method is-config="true" signature="screenShot(org.testng.ITestResult)[pri:0, instance:Scripts.OpenDocument@1ddf84b8]" started-at="2024-10-15T20:01:39Z" name="screenShot" finished-at="2024-10-15T20:01:39Z" duration-ms="214" status="PASS">
          <params>
            <param index="0">
              <value>
                <![CDATA[[TestResult name=testOpenDocument status=FAILURE method=OpenDocument.testOpenDocument()[pri:3, instance:Scripts.OpenDocument@1ddf84b8] output=rc count:9]]]>
              </value>
            </param>
          </params>
          <reporter-output>
          </reporter-output>
        </test-method> <!-- screenShot -->
      </class> <!-- Scripts.OpenDocument -->
    </test> <!-- Test3 -->
  </suite> <!-- Suite -->
</testng-results>
